2026-04-08 16:19:54,344 - INFO - Application started.
2026-04-08 16:19:54,355 - INFO - Starting the experiment...
2026-04-08 16:19:54,361 - INFO - Starting replication 1/10
2026-04-08 16:20:07,153 - INFO - Application started.
2026-04-08 16:20:07,164 - INFO - Starting the experiment...
2026-04-08 16:20:07,169 - INFO - Starting replication 1/10
2026-04-08 16:22:56,883 - INFO - Application started.
2026-04-08 16:22:56,891 - INFO - Starting the experiment...
2026-04-08 16:22:56,897 - INFO - Starting replication 1/10
2026-04-08 16:23:06,064 - INFO - Starting replication 2/10
2026-04-08 16:23:11,431 - INFO - Starting replication 3/10
2026-04-08 16:23:16,519 - INFO - Starting replication 4/10
2026-04-08 16:23:21,937 - INFO - Starting replication 5/10
2026-04-08 16:23:27,282 - INFO - Starting replication 6/10
2026-04-08 16:23:32,741 - INFO - Starting replication 7/10
2026-04-08 16:23:38,308 - INFO - Starting replication 8/10
2026-04-08 16:23:43,896 - INFO - Starting replication 9/10
2026-04-08 16:23:49,187 - INFO - Starting replication 10/10
2026-04-08 16:23:55,017 - INFO - Experiment completed successfully.
2026-04-08 16:23:55,017 - INFO - Generating plots for the experiment results...
2026-04-08 16:25:40,945 - INFO - Plots generated successfully.
2026-04-08 16:25:40,945 - INFO - Application finished successfully.
2026-04-08 16:25:49,380 - INFO - Application started.
2026-04-08 16:25:49,389 - INFO - Starting the experiment...
2026-04-08 16:25:49,394 - INFO - Starting replication 1/10
2026-04-08 16:25:58,143 - INFO - Starting replication 2/10
2026-04-08 16:26:03,330 - INFO - Starting replication 3/10
2026-04-08 16:26:09,029 - INFO - Starting replication 4/10
2026-04-08 16:26:14,550 - INFO - Starting replication 5/10
2026-04-08 16:26:19,888 - INFO - Starting replication 6/10
2026-04-08 16:26:25,333 - INFO - Starting replication 7/10
2026-04-08 16:26:30,711 - INFO - Starting replication 8/10
2026-04-08 16:26:36,383 - INFO - Starting replication 9/10
2026-04-08 16:26:41,951 - INFO - Starting replication 10/10
2026-04-08 16:26:47,567 - INFO - Experiment completed successfully.
2026-04-08 16:26:47,567 - INFO - Generating plots for the experiment results...
2026-04-08 16:27:34,658 - INFO - Plots generated successfully.
2026-04-08 16:27:34,658 - INFO - Application finished successfully.
2026-04-08 16:50:53,921 - INFO - Application started.
2026-04-08 16:50:53,929 - INFO - Starting the experiment...
2026-04-08 16:50:53,934 - INFO - Starting replication 1/10
2026-04-08 16:51:02,729 - INFO - Starting replication 2/10
2026-04-08 16:51:08,487 - INFO - Starting replication 3/10
2026-04-08 16:51:13,719 - INFO - Starting replication 4/10
2026-04-08 16:51:18,984 - INFO - Starting replication 5/10
2026-04-08 16:51:24,457 - INFO - Starting replication 6/10
2026-04-08 16:51:29,610 - INFO - Starting replication 7/10
2026-04-08 16:51:34,755 - INFO - Starting replication 8/10
2026-04-08 16:51:39,872 - INFO - Starting replication 9/10
2026-04-08 16:51:44,971 - INFO - Starting replication 10/10
2026-04-08 16:51:50,156 - INFO - Experiment completed successfully.
2026-04-08 16:51:50,156 - INFO - Generating plots for the experiment results...
2026-04-08 16:52:36,301 - INFO - Plots generated successfully.
2026-04-08 16:52:36,302 - INFO - Application finished successfully.
2026-04-08 17:15:54,367 - INFO - Application started.
2026-04-08 17:15:54,375 - INFO - Starting the experiment...
2026-04-08 17:15:54,381 - INFO - Starting replication 1/10
2026-04-08 17:16:02,859 - INFO - Starting replication 2/10
2026-04-08 17:16:08,041 - INFO - Starting replication 3/10
2026-04-08 17:16:13,324 - INFO - Starting replication 4/10
2026-04-08 17:16:19,097 - INFO - Starting replication 5/10
2026-04-08 17:16:24,652 - INFO - Starting replication 6/10
2026-04-08 17:16:29,868 - INFO - Starting replication 7/10
2026-04-08 17:16:35,162 - INFO - Starting replication 8/10
2026-04-08 17:16:40,523 - INFO - Starting replication 9/10
2026-04-08 17:16:45,588 - INFO - Starting replication 10/10
2026-04-08 17:16:50,732 - INFO - Experiment completed successfully.
2026-04-08 17:16:50,732 - INFO - Generating plots for the experiment results...
2026-04-08 17:17:12,547 - INFO - Plots generated successfully.
2026-04-08 17:17:12,547 - INFO - Application finished successfully.
2026-04-08 17:30:35,619 - INFO - Application started.
2026-04-08 17:30:35,627 - INFO - Starting the experiment...
2026-04-08 17:30:35,633 - INFO - Starting replication 1/20
2026-04-08 17:30:44,197 - INFO - Starting replication 2/20
2026-04-08 17:30:49,627 - INFO - Starting replication 3/20
2026-04-08 17:30:55,091 - INFO - Starting replication 4/20
2026-04-08 17:31:00,697 - INFO - Starting replication 5/20
2026-04-08 17:31:06,299 - INFO - Starting replication 6/20
2026-04-08 17:31:12,043 - INFO - Starting replication 7/20
2026-04-08 17:31:17,798 - INFO - Starting replication 8/20
2026-04-08 17:31:23,309 - INFO - Starting replication 9/20
2026-04-08 17:31:28,665 - INFO - Starting replication 10/20
2026-04-08 17:31:34,212 - INFO - Starting replication 11/20
2026-04-08 17:31:39,684 - INFO - Starting replication 12/20
2026-04-08 17:31:45,040 - INFO - Starting replication 13/20
2026-04-08 17:31:50,662 - INFO - Starting replication 14/20
2026-04-08 17:31:56,348 - INFO - Starting replication 15/20
2026-04-08 17:32:02,003 - INFO - Starting replication 16/20
2026-04-08 17:32:07,662 - INFO - Starting replication 17/20
2026-04-08 17:32:13,208 - INFO - Starting replication 18/20
2026-04-08 17:32:18,582 - INFO - Starting replication 19/20
2026-04-08 17:32:24,026 - INFO - Starting replication 20/20
2026-04-08 17:32:29,572 - INFO - Experiment completed successfully.
2026-04-08 17:32:29,572 - INFO - Generating plots for the experiment results...
2026-04-08 17:32:44,894 - INFO - Plots generated successfully.
2026-04-08 17:32:44,894 - INFO - Application finished successfully.
2026-04-08 17:33:31,309 - INFO - Application started.
2026-04-08 17:33:31,318 - INFO - Starting the experiment...
2026-04-08 17:33:31,323 - INFO - Starting replication 1/20
2026-04-08 17:33:54,026 - INFO - Application started.
2026-04-08 17:33:54,047 - INFO - Starting the experiment...
2026-04-08 17:33:54,052 - INFO - Starting replication 1/30
2026-04-08 17:34:02,251 - INFO - Starting replication 2/30
2026-04-08 17:34:07,282 - INFO - Starting replication 3/30
2026-04-08 17:34:12,650 - INFO - Starting replication 4/30
2026-04-08 17:34:18,027 - INFO - Starting replication 5/30
2026-04-08 17:34:23,264 - INFO - Starting replication 6/30
2026-04-08 17:34:28,547 - INFO - Starting replication 7/30
2026-04-08 17:34:33,788 - INFO - Starting replication 8/30
2026-04-08 17:34:39,228 - INFO - Starting replication 9/30
2026-04-08 17:34:44,477 - INFO - Starting replication 10/30
2026-04-08 17:34:49,686 - INFO - Starting replication 11/30
2026-04-08 17:34:55,036 - INFO - Starting replication 12/30
2026-04-08 17:35:00,190 - INFO - Starting replication 13/30
2026-04-08 17:35:05,577 - INFO - Starting replication 14/30
2026-04-08 17:35:10,696 - INFO - Starting replication 15/30
2026-04-08 17:35:15,897 - INFO - Starting replication 16/30
2026-04-08 17:35:20,958 - INFO - Starting replication 17/30
2026-04-08 17:35:26,006 - INFO - Starting replication 18/30
2026-04-08 17:35:31,029 - INFO - Starting replication 19/30
2026-04-08 17:35:36,057 - INFO - Starting replication 20/30
2026-04-08 17:35:41,135 - INFO - Starting replication 21/30
2026-04-08 17:35:46,332 - INFO - Starting replication 22/30
2026-04-08 17:35:51,458 - INFO - Starting replication 23/30
2026-04-08 17:35:56,718 - INFO - Starting replication 24/30
2026-04-08 17:36:02,107 - INFO - Starting replication 25/30
2026-04-08 17:36:07,187 - INFO - Starting replication 26/30
2026-04-08 17:36:12,574 - INFO - Starting replication 27/30
2026-04-08 17:36:17,763 - INFO - Starting replication 28/30
2026-04-08 17:36:23,163 - INFO - Starting replication 29/30
2026-04-08 17:36:28,219 - INFO - Starting replication 30/30
2026-04-08 17:36:33,403 - INFO - Experiment completed successfully.
2026-04-08 17:36:33,404 - INFO - Generating plots for the experiment results...
2026-04-08 17:37:42,730 - INFO - Plots generated successfully.
2026-04-08 17:37:42,730 - INFO - Application finished successfully.
